/*! Built with http://stenciljs.com */
import { h } from './ledinput.core.js';
var LedInput = /** @class */ (function () {
    function LedInput() {
        this.placeholder = '';
        this.active = false;
        this.isEmpty = true;
    }
    LedInput.prototype.render = function () {
        var _this = this;
        return (h("div", { class: "outer" }, h("label", { class: (this.active ? 'selected' : ''), onClick: function () { return _this.handleLabelClick(); } }, this.placeholder), h("div", { class: 'inner ' + (this.active ? 'hasFocus' : '') }, h("input", { id: "input", ref: function (el) { return _this.textInput = el; }, type: "text", onInput: function (event) { return _this.handleOnInput(event); }, onFocus: function () { return _this.handleOnFocus(); }, onBlur: function () { return _this.handleOnBlur(); } }))));
    };
    LedInput.prototype.handleLabelClick = function () {
        this.textInput.focus();
    };
    LedInput.prototype.handleOnInput = function (event) {
        console.log('onInput');
        console.log(event.target.value);
        this.value = event.target.value;
        if (this.value === '') {
            this.isEmpty = true;
        }
        else {
            this.isEmpty = false;
        }
    };
    LedInput.prototype.handleOnFocus = function () {
        console.log('onFocus');
        this.active = true;
    };
    LedInput.prototype.handleOnBlur = function () {
        console.log('Blur');
        if (this.isEmpty) {
            this.active = false;
        }
        else {
            this.active = true;
        }
    };
    Object.defineProperty(LedInput, "is", {
        get: function () { return "led-input"; },
        enumerable: true,
        configurable: true
    });
    Object.defineProperty(LedInput, "encapsulation", {
        get: function () { return "shadow"; },
        enumerable: true,
        configurable: true
    });
    Object.defineProperty(LedInput, "properties", {
        get: function () {
            return {
                "active": {
                    "state": true
                },
                "first": {
                    "type": String,
                    "attr": "first"
                },
                "isEmpty": {
                    "state": true
                },
                "last": {
                    "type": String,
                    "attr": "last"
                },
                "placeholder": {
                    "type": String,
                    "attr": "placeholder"
                },
                "value": {
                    "state": true
                }
            };
        },
        enumerable: true,
        configurable: true
    });
    Object.defineProperty(LedInput, "style", {
        get: function () { return "/**style-placeholder:led-input:**/"; },
        enumerable: true,
        configurable: true
    });
    return LedInput;
}());
export { LedInput };
